<?xml version='1.0' encoding='utf-8' standalone='yes' ?>
<testsuite tests="5" failures="0" errors="0" skipped="1" time="5.861" timestamp="2018-04-02T17:25Z">
  <properties>
    <property name="device.manufacturer" value="Google" />
    <property name="device.model" value="Android SDK built for x86" />
    <property name="device.apiLevel" value="26" />
  </properties>
  <testcase name="typeText_click_InitiatesActivity(at.woodstick.mysampleapplication.espresso.GSampleActivityTest)" classname="at.woodstick.mysampleapplication.espresso.GSampleActivityTest" time="2.473" />
  <testcase name="typeNoText_click_InitiatesActivity(at.woodstick.mysampleapplication.espresso.GSampleActivityTest)" classname="at.woodstick.mysampleapplication.espresso.GSampleActivityTest" time="1.002" />
  <testcase name="typeNoText_click_InitiatesActivity(at.woodstick.mysampleapplication.espresso.MainActivityTest)" classname="at.woodstick.mysampleapplication.espresso.MainActivityTest" time="1.002" />
  <testcase name="fail_test(at.woodstick.mysampleapplication.espresso.MainActivityTest)" classname="at.woodstick.mysampleapplication.espresso.MainActivityTest" time="0.002">
    <skipped />
  </testcase>
  <testcase name="typeText_click_InitiatesActivity(at.woodstick.mysampleapplication.espresso.DisplayMessageActivityTest)" classname="at.woodstick.mysampleapplication.espresso.DisplayMessageActivityTest" time="0.995" />
  <testcase name="mainButton_click_InitiatesActivity(at.woodstick.mysampleapplication.espresso.MainActivityTest)" classname="at.woodstick.mysampleapplication.espresso.MainActivityTest" time="1.381" />
</testsuite>